Unity Editor version:    2020.3.20f1 (41c4e627c95f)
Branch:                  2020.3/staging
Build type:              Release
Batch mode:              YES
macOS version:           Version 11.5.2 (Build 20G95)
Darwin version:          20.6.0
Architecture:            x86_64
Running under Rosetta:   YES
Available memory:        8192 MB
Using pre-set license
Pro License: NO

COMMAND LINE ARGUMENTS:
/Volumes/Beast/Unity/Editor/2020.3.20f1/Unity.app/Contents/MacOS/Unity
-adb2
-batchMode
-noUpm
-name
AssetImportWorker0
-projectPath
/Users/melchigarfias/Svanteson
-logFile
Logs/AssetImportWorker0.log
-srvPort
52943
Successfully changed project path to: /Users/melchigarfias/Svanteson
/Users/melchigarfias/Svanteson
Using Asset Import Pipeline V2.
Refreshing native plugins compatible for Editor in 102.38 ms, found 2 plugins.
Preloading 0 native plugins for Editor in 0.00 ms.
Initialize engine version: 2020.3.20f1 (41c4e627c95f)
[Subsystems] Discovering subsystems at path /Volumes/Beast/Unity/Editor/2020.3.20f1/Unity.app/Contents/Resources/UnitySubsystems
[Subsystems] Discovering subsystems at path /Users/melchigarfias/Svanteson/Assets
GfxDevice: creating device client; threaded=0
2021-10-19 12:43:12.032 Unity[2458:74385] (null) preferred device: Apple M1 (high power)
2021-10-19 12:43:12.032 Unity[2458:74385] Metal devices available: 1
2021-10-19 12:43:12.032 Unity[2458:74385] 0: Apple M1 (high power)
2021-10-19 12:43:12.032 Unity[2458:74385] Using device Apple M1 (high power)
Initializing Metal device caps: Apple M1
Initialize mono
Mono path[0] = '/Volumes/Beast/Unity/Editor/2020.3.20f1/Unity.app/Contents/Managed'
Mono path[1] = '/Volumes/Beast/Unity/Editor/2020.3.20f1/Unity.app/Contents/MonoBleedingEdge/lib/mono/unityjit'
Mono config path = '/Volumes/Beast/Unity/Editor/2020.3.20f1/Unity.app/Contents/MonoBleedingEdge/etc'
Using monoOptions --debugger-agent=transport=dt_socket,embedding=1,server=y,suspend=n,address=127.0.0.1:56458
Begin MonoManager ReloadAssembly
Registering precompiled unity dll's ...
Register platform support module: /Volumes/Beast/Unity/Editor/2020.3.20f1/Unity.app/Contents/PlaybackEngines/MacStandaloneSupport/UnityEditor.OSXStandalone.Extensions.dll
Register platform support module: /Volumes/Beast/Unity/Editor/2020.3.20f1/PlaybackEngines/WindowsStandaloneSupport/UnityEditor.WindowsStandalone.Extensions.dll
Registered in 0.001154 seconds.
Native extension for WindowsStandalone target not found
Native extension for OSXStandalone target not found
Refreshing native plugins compatible for Editor in 50.37 ms, found 2 plugins.
Preloading 0 native plugins for Editor in 0.00 ms.
Mono: successfully reloaded assembly
- Completed reload, in  2.435 seconds
Domain Reload Profiling:
	ReloadAssembly (2436ms)
		BeginReloadAssembly (133ms)
			ExecutionOrderSort (0ms)
			DisableScriptedObjects (0ms)
			BackupInstance (0ms)
			ReleaseScriptingObjects (0ms)
			CreateAndSetChildDomain (3ms)
		EndReloadAssembly (946ms)
			LoadAssemblies (135ms)
			RebuildTransferFunctionScriptingTraits (1ms)
			SetupTypeCache (190ms)
			ReleaseScriptCaches (0ms)
			RebuildScriptCaches (43ms)
			SetupLoadedEditorAssemblies (548ms)
				LogAssemblyErrors (0ms)
				InitializePlatformSupportModulesInManaged (19ms)
				SetLoadedEditorAssemblies (1ms)
				RefreshPlugins (50ms)
				BeforeProcessingInitializeOnLoad (30ms)
				ProcessInitializeOnLoadAttributes (336ms)
				ProcessInitializeOnLoadMethodAttributes (111ms)
				AfterProcessingInitializeOnLoad (0ms)
				EditorAssembliesLoaded (1ms)
			ExecutionOrderSort2 (0ms)
			AwakeInstancesAfterBackupRestoration (0ms)
Platform modules already initialized, skipping
Registering precompiled user dll's ...
Registered in 0.003612 seconds.
Begin MonoManager ReloadAssembly
Native extension for WindowsStandalone target not found
Native extension for OSXStandalone target not found
Refreshing native plugins compatible for Editor in 51.76 ms, found 2 plugins.
Preloading 0 native plugins for Editor in 0.00 ms.
Mono: successfully reloaded assembly
- Completed reload, in  2.818 seconds
Domain Reload Profiling:
	ReloadAssembly (2821ms)
		BeginReloadAssembly (265ms)
			ExecutionOrderSort (0ms)
			DisableScriptedObjects (32ms)
			BackupInstance (0ms)
			ReleaseScriptingObjects (0ms)
			CreateAndSetChildDomain (42ms)
		EndReloadAssembly (2460ms)
			LoadAssemblies (189ms)
			RebuildTransferFunctionScriptingTraits (0ms)
			SetupTypeCache (465ms)
			ReleaseScriptCaches (1ms)
			RebuildScriptCaches (81ms)
			SetupLoadedEditorAssemblies (1290ms)
				LogAssemblyErrors (0ms)
				InitializePlatformSupportModulesInManaged (14ms)
				SetLoadedEditorAssemblies (1ms)
				RefreshPlugins (52ms)
				BeforeProcessingInitializeOnLoad (188ms)
				ProcessInitializeOnLoadAttributes (1004ms)
				ProcessInitializeOnLoadMethodAttributes (29ms)
				AfterProcessingInitializeOnLoad (1ms)
				EditorAssembliesLoaded (0ms)
			ExecutionOrderSort2 (0ms)
			AwakeInstancesAfterBackupRestoration (32ms)
Platform modules already initialized, skipping
Validating Project structure ... 0.002009 seconds.
Shader import version has changed; will reimport all shaders...
Upgrading shader files ...0.001492 seconds.
Application.AssetDatabase Initial Script Refresh Start
RefreshInfo: InitialScriptRefreshV2(NoUpdateAssetOptions) scanfilter:  ... 1 filters
RefreshProfiler: Total: 0.000ms
Application.AssetDatabase Initial Script Refresh End
Application.AssetDatabase.Refresh Start
Application.AssetDatabase.Refresh End
RefreshInfo: StopAssetImportingV2(ForceSynchronousImport) scanfilter: 
RefreshProfiler: Total: 0.000ms
Launching external process: /Volumes/Beast/Unity/Editor/2020.3.20f1/Unity.app/Contents/Tools/UnityShaderCompiler
Launched and connected shader compiler UnityShaderCompiler after 0.05 seconds
Initializing Unity extensions:
========================================================================
Worker process is ready to serve import requests
Refreshing native plugins compatible for Editor in 0.45 ms, found 2 plugins.
Preloading 0 native plugins for Editor in 0.00 ms.
Unloading 2878 Unused Serialized files (Serialized files now loaded: 0)
System memory in use before: 245.8 MB.
System memory in use after: 243.8 MB.

Unloading 136 unused Assets to reduce memory usage. Loaded Objects now: 3340.
Total: 5.486416 ms (FindLiveObjects: 0.211292 ms CreateObjectMapping: 0.065625 ms MarkObjects: 4.155000 ms  DeleteObjects: 1.053709 ms)

AssetImportParameters requested are different than current active one (requested -> active):
  custom:video-decoder-ogg-theora: a1e56fd34408186e4bbccfd4996cb3dc -> 
  custom:container-muxer-webm: aa71ff27fc2769a1b78a27578f13a17b -> 
  custom:container-demuxer-webm: 4f35f7cbe854078d1ac9338744f61a02 -> 
  custom:container-demuxer-ogg: 62fdf1f143b41e24485cea50d1cbac27 -> 
  custom:video-encoder-webm-vp8: eb34c28f22e8b96e1ab97ce403110664 -> 
  custom:framework-osx-AVFoundation: e770b220cccbd017edd2c1fefb359320 -> 
  custom:video-decoder-webm-vp8: 9c59270c3fd7afecdb556c50c9e8de78 -> 
  custom:audio-decoder-ogg-vorbis: bf7c407c2cedff20999df2af8eb42d56 -> 
  custom:audio-encoder-webm-vorbis: bf7c407c2cedff20999df2af8eb42d56 -> 
========================================================================
Received Import Request.
  path: Assets/Shaders/GetMainLight.shadersubgraph
  artifactKey: Guid(e599275080da94a75b7e45db03ec53b0) Importer(815301076,1909f56bfc062723c751e8b465ee728b)
Start importing Assets/Shaders/GetMainLight.shadersubgraph using Guid(e599275080da94a75b7e45db03ec53b0) Importer(815301076,1909f56bfc062723c751e8b465ee728b)  -> (artifact id: '9d8fb54f1159ea80c6f53d6f2a90ef25') in 0.891531 seconds 
  Import took 0.902519 seconds .

========================================================================
Received Import Request.
  Time since last request: 251.340601 seconds.
  path: Assets/Shaders/GetAdditionalLight.shadersubgraph
  artifactKey: Guid(35aaf86946ee84c4995c097496948abf) Importer(815301076,1909f56bfc062723c751e8b465ee728b)
Start importing Assets/Shaders/GetAdditionalLight.shadersubgraph using Guid(35aaf86946ee84c4995c097496948abf) Importer(815301076,1909f56bfc062723c751e8b465ee728b)  -> (artifact id: '7d71acb572c9d36dd7f7a7bda4e57497') in 0.011588 seconds 
  Import took 0.050640 seconds .

========================================================================
Received Import Request.
  Time since last request: 21.643487 seconds.
  path: Assets/Shaders/GetAdditionalLight.shadersubgraph
  artifactKey: Guid(35aaf86946ee84c4995c097496948abf) Importer(815301076,1909f56bfc062723c751e8b465ee728b)
Start importing Assets/Shaders/GetAdditionalLight.shadersubgraph using Guid(35aaf86946ee84c4995c097496948abf) Importer(815301076,1909f56bfc062723c751e8b465ee728b)  -> (artifact id: '274da0e14083c68f8d909e6ac6fe1b76') in 0.034299 seconds 
  Import took 0.098664 seconds .

